Starting up http-server, serving ./

http-server version: 14.1.1

http-server settings: 
CORS: disabled
Cache: 3600 seconds
Connection Timeout: 120 seconds
Directory Listings: visible
AutoIndex: visible
Serve GZIP Files: false
Serve Brotli Files: false
Default File Extension: none

Available on:
  http://127.0.0.1:8080
  http://192.168.100.141:8080
  http://100.78.5.25:8080
  http://192.168.100.139:8080
Hit CTRL-C to stop the server

[2025-11-29T21:54:59.717Z]  "GET /index.html" "Mozilla/5.0 (X11; Linux x86_64) AppleWebKit/537.36 (KHTML, like Gecko) Chrome/142.0.0.0 Safari/537.36"
[2025-11-29T21:54:59.744Z]  "GET /style.css" "Mozilla/5.0 (X11; Linux x86_64) AppleWebKit/537.36 (KHTML, like Gecko) Chrome/142.0.0.0 Safari/537.36"
[2025-11-29T21:54:59.754Z]  "GET /src/components/fileLoader.js" "Mozilla/5.0 (X11; Linux x86_64) AppleWebKit/537.36 (KHTML, like Gecko) Chrome/142.0.0.0 Safari/537.36"
[2025-11-29T21:54:59.758Z]  "GET /src/components/htmlParser.js" "Mozilla/5.0 (X11; Linux x86_64) AppleWebKit/537.36 (KHTML, like Gecko) Chrome/142.0.0.0 Safari/537.36"
[2025-11-29T21:54:59.760Z]  "GET /src/storage/projectManager.js" "Mozilla/5.0 (X11; Linux x86_64) AppleWebKit/537.36 (KHTML, like Gecko) Chrome/142.0.0.0 Safari/537.36"
[2025-11-29T21:54:59.761Z]  "GET /src/utils/componentExtractor.js" "Mozilla/5.0 (X11; Linux x86_64) AppleWebKit/537.36 (KHTML, like Gecko) Chrome/142.0.0.0 Safari/537.36"
[2025-11-29T21:54:59.763Z]  "GET /src/core/undoRedo.js" "Mozilla/5.0 (X11; Linux x86_64) AppleWebKit/537.36 (KHTML, like Gecko) Chrome/142.0.0.0 Safari/537.36"
[2025-11-29T21:54:59.769Z]  "GET /src/core/keyboardShortcuts.js" "Mozilla/5.0 (X11; Linux x86_64) AppleWebKit/537.36 (KHTML, like Gecko) Chrome/142.0.0.0 Safari/537.36"
[2025-11-29T21:54:59.773Z]  "GET /src/core/responsiveTester.js" "Mozilla/5.0 (X11; Linux x86_64) AppleWebKit/537.36 (KHTML, like Gecko) Chrome/142.0.0.0 Safari/537.36"
[2025-11-29T21:54:59.786Z]  "GET /src/core/livePreview.js" "Mozilla/5.0 (X11; Linux x86_64) AppleWebKit/537.36 (KHTML, like Gecko) Chrome/142.0.0.0 Safari/537.36"
[2025-11-29T21:54:59.787Z]  "GET /src/core/themeManager.js" "Mozilla/5.0 (X11; Linux x86_64) AppleWebKit/537.36 (KHTML, like Gecko) Chrome/142.0.0.0 Safari/537.36"
[2025-11-29T21:54:59.788Z]  "GET /src/core/aiCodeGenerator.js" "Mozilla/5.0 (X11; Linux x86_64) AppleWebKit/537.36 (KHTML, like Gecko) Chrome/142.0.0.0 Safari/537.36"
[2025-11-29T21:54:59.790Z]  "GET /script.js" "Mozilla/5.0 (X11; Linux x86_64) AppleWebKit/537.36 (KHTML, like Gecko) Chrome/142.0.0.0 Safari/537.36"
[2025-11-29T21:54:59.973Z]  "GET /favicon.ico" "Mozilla/5.0 (X11; Linux x86_64) AppleWebKit/537.36 (KHTML, like Gecko) Chrome/142.0.0.0 Safari/537.36"
[2025-11-29T21:54:59.975Z]  "GET /favicon.ico" Error (404): "Not found"
[2025-11-29T21:58:04.049Z]  "GET /index.html" "Mozilla/5.0 (X11; Linux x86_64) AppleWebKit/537.36 (KHTML, like Gecko) Chrome/142.0.0.0 Safari/537.36"
[2025-11-29T22:08:46.780Z]  "GET /" "undefined"
[2025-11-29T22:08:46.786Z]  "GET /" "undefined"
[2025-11-29T22:09:04.214Z]  "GET /" "undefined"
[2025-11-29T22:09:04.219Z]  "GET /" "undefined"
[2025-11-29T22:14:42.219Z]  "GET /" "undefined"
[2025-11-29T22:14:42.224Z]  "GET /" "undefined"
[2025-11-29T22:14:44.588Z]  "GET /index.html" "Mozilla/5.0 (Windows NT 10.0; Win64; x64) AppleWebKit/537.36 (KHTML, like Gecko) Chrome/141.0.7390.37 Safari/537.36"
[2025-11-29T22:14:44.596Z]  "GET /index.html" "Mozilla/5.0 (Windows NT 10.0; Win64; x64) AppleWebKit/537.36 (KHTML, like Gecko) Chrome/141.0.7390.37 Safari/537.36"
[2025-11-29T22:14:44.621Z]  "GET /style.css" "Mozilla/5.0 (Windows NT 10.0; Win64; x64) AppleWebKit/537.36 (KHTML, like Gecko) Chrome/141.0.7390.37 Safari/537.36"
[2025-11-29T22:14:44.628Z]  "GET /style.css" "Mozilla/5.0 (Windows NT 10.0; Win64; x64) AppleWebKit/537.36 (KHTML, like Gecko) Chrome/141.0.7390.37 Safari/537.36"
[2025-11-29T22:14:44.643Z]  "GET /src/components/fileLoader.js" "Mozilla/5.0 (Windows NT 10.0; Win64; x64) AppleWebKit/537.36 (KHTML, like Gecko) Chrome/141.0.7390.37 Safari/537.36"
[2025-11-29T22:14:44.645Z]  "GET /src/components/htmlParser.js" "Mozilla/5.0 (Windows NT 10.0; Win64; x64) AppleWebKit/537.36 (KHTML, like Gecko) Chrome/141.0.7390.37 Safari/537.36"
[2025-11-29T22:14:44.647Z]  "GET /src/storage/projectManager.js" "Mozilla/5.0 (Windows NT 10.0; Win64; x64) AppleWebKit/537.36 (KHTML, like Gecko) Chrome/141.0.7390.37 Safari/537.36"
[2025-11-29T22:14:44.647Z]  "GET /src/utils/componentExtractor.js" "Mozilla/5.0 (Windows NT 10.0; Win64; x64) AppleWebKit/537.36 (KHTML, like Gecko) Chrome/141.0.7390.37 Safari/537.36"
[2025-11-29T22:14:44.648Z]  "GET /src/core/undoRedo.js" "Mozilla/5.0 (Windows NT 10.0; Win64; x64) AppleWebKit/537.36 (KHTML, like Gecko) Chrome/141.0.7390.37 Safari/537.36"
[2025-11-29T22:14:44.648Z]  "GET /src/components/fileLoader.js" "Mozilla/5.0 (Windows NT 10.0; Win64; x64) AppleWebKit/537.36 (KHTML, like Gecko) Chrome/141.0.7390.37 Safari/537.36"
[2025-11-29T22:14:44.648Z]  "GET /src/components/htmlParser.js" "Mozilla/5.0 (Windows NT 10.0; Win64; x64) AppleWebKit/537.36 (KHTML, like Gecko) Chrome/141.0.7390.37 Safari/537.36"
[2025-11-29T22:14:44.649Z]  "GET /src/core/keyboardShortcuts.js" "Mozilla/5.0 (Windows NT 10.0; Win64; x64) AppleWebKit/537.36 (KHTML, like Gecko) Chrome/141.0.7390.37 Safari/537.36"
[2025-11-29T22:14:44.649Z]  "GET /src/storage/projectManager.js" "Mozilla/5.0 (Windows NT 10.0; Win64; x64) AppleWebKit/537.36 (KHTML, like Gecko) Chrome/141.0.7390.37 Safari/537.36"
[2025-11-29T22:14:44.649Z]  "GET /src/utils/componentExtractor.js" "Mozilla/5.0 (Windows NT 10.0; Win64; x64) AppleWebKit/537.36 (KHTML, like Gecko) Chrome/141.0.7390.37 Safari/537.36"
[2025-11-29T22:14:44.650Z]  "GET /src/core/undoRedo.js" "Mozilla/5.0 (Windows NT 10.0; Win64; x64) AppleWebKit/537.36 (KHTML, like Gecko) Chrome/141.0.7390.37 Safari/537.36"
[2025-11-29T22:14:44.650Z]  "GET /src/core/keyboardShortcuts.js" "Mozilla/5.0 (Windows NT 10.0; Win64; x64) AppleWebKit/537.36 (KHTML, like Gecko) Chrome/141.0.7390.37 Safari/537.36"
[2025-11-29T22:14:44.671Z]  "GET /src/core/responsiveTester.js" "Mozilla/5.0 (Windows NT 10.0; Win64; x64) AppleWebKit/537.36 (KHTML, like Gecko) Chrome/141.0.7390.37 Safari/537.36"
[2025-11-29T22:14:44.675Z]  "GET /src/core/livePreview.js" "Mozilla/5.0 (Windows NT 10.0; Win64; x64) AppleWebKit/537.36 (KHTML, like Gecko) Chrome/141.0.7390.37 Safari/537.36"
[2025-11-29T22:14:44.677Z]  "GET /src/core/themeManager.js" "Mozilla/5.0 (Windows NT 10.0; Win64; x64) AppleWebKit/537.36 (KHTML, like Gecko) Chrome/141.0.7390.37 Safari/537.36"
[2025-11-29T22:14:44.677Z]  "GET /src/core/aiCodeGenerator.js" "Mozilla/5.0 (Windows NT 10.0; Win64; x64) AppleWebKit/537.36 (KHTML, like Gecko) Chrome/141.0.7390.37 Safari/537.36"
[2025-11-29T22:14:44.678Z]  "GET /script.js" "Mozilla/5.0 (Windows NT 10.0; Win64; x64) AppleWebKit/537.36 (KHTML, like Gecko) Chrome/141.0.7390.37 Safari/537.36"
[2025-11-29T22:14:44.680Z]  "GET /src/core/responsiveTester.js" "Mozilla/5.0 (Windows NT 10.0; Win64; x64) AppleWebKit/537.36 (KHTML, like Gecko) Chrome/141.0.7390.37 Safari/537.36"
[2025-11-29T22:14:44.682Z]  "GET /src/core/livePreview.js" "Mozilla/5.0 (Windows NT 10.0; Win64; x64) AppleWebKit/537.36 (KHTML, like Gecko) Chrome/141.0.7390.37 Safari/537.36"
[2025-11-29T22:14:44.682Z]  "GET /src/core/themeManager.js" "Mozilla/5.0 (Windows NT 10.0; Win64; x64) AppleWebKit/537.36 (KHTML, like Gecko) Chrome/141.0.7390.37 Safari/537.36"
[2025-11-29T22:14:44.683Z]  "GET /src/core/aiCodeGenerator.js" "Mozilla/5.0 (Windows NT 10.0; Win64; x64) AppleWebKit/537.36 (KHTML, like Gecko) Chrome/141.0.7390.37 Safari/537.36"
[2025-11-29T22:14:44.696Z]  "GET /script.js" "Mozilla/5.0 (Windows NT 10.0; Win64; x64) AppleWebKit/537.36 (KHTML, like Gecko) Chrome/141.0.7390.37 Safari/537.36"
[2025-11-29T22:14:44.876Z]  "GET /index.html" "Mozilla/5.0 (Windows NT 10.0; Win64; x64) AppleWebKit/537.36 (KHTML, like Gecko) Chrome/141.0.7390.37 Safari/537.36"
[2025-11-29T22:14:44.891Z]  "GET /index.html" "Mozilla/5.0 (Windows NT 10.0; Win64; x64) AppleWebKit/537.36 (KHTML, like Gecko) Chrome/141.0.7390.37 Safari/537.36"
[2025-11-29T22:15:16.044Z]  "GET /index.html" "Mozilla/5.0 (Windows NT 10.0; Win64; x64) AppleWebKit/537.36 (KHTML, like Gecko) Chrome/141.0.7390.37 Safari/537.36"
[2025-11-29T22:15:16.083Z]  "GET /style.css" "Mozilla/5.0 (Windows NT 10.0; Win64; x64) AppleWebKit/537.36 (KHTML, like Gecko) Chrome/141.0.7390.37 Safari/537.36"
[2025-11-29T22:15:16.084Z]  "GET /index.html" "Mozilla/5.0 (Windows NT 10.0; Win64; x64) AppleWebKit/537.36 (KHTML, like Gecko) Chrome/141.0.7390.37 Safari/537.36"
[2025-11-29T22:15:16.089Z]  "GET /src/components/fileLoader.js" "Mozilla/5.0 (Windows NT 10.0; Win64; x64) AppleWebKit/537.36 (KHTML, like Gecko) Chrome/141.0.7390.37 Safari/537.36"
[2025-11-29T22:15:16.090Z]  "GET /src/components/htmlParser.js" "Mozilla/5.0 (Windows NT 10.0; Win64; x64) AppleWebKit/537.36 (KHTML, like Gecko) Chrome/141.0.7390.37 Safari/537.36"
[2025-11-29T22:15:16.094Z]  "GET /src/storage/projectManager.js" "Mozilla/5.0 (Windows NT 10.0; Win64; x64) AppleWebKit/537.36 (KHTML, like Gecko) Chrome/141.0.7390.37 Safari/537.36"
[2025-11-29T22:15:16.095Z]  "GET /src/utils/componentExtractor.js" "Mozilla/5.0 (Windows NT 10.0; Win64; x64) AppleWebKit/537.36 (KHTML, like Gecko) Chrome/141.0.7390.37 Safari/537.36"
[2025-11-29T22:15:16.095Z]  "GET /src/core/undoRedo.js" "Mozilla/5.0 (Windows NT 10.0; Win64; x64) AppleWebKit/537.36 (KHTML, like Gecko) Chrome/141.0.7390.37 Safari/537.36"
[2025-11-29T22:15:16.096Z]  "GET /src/core/keyboardShortcuts.js" "Mozilla/5.0 (Windows NT 10.0; Win64; x64) AppleWebKit/537.36 (KHTML, like Gecko) Chrome/141.0.7390.37 Safari/537.36"
[2025-11-29T22:15:16.110Z]  "GET /style.css" "Mozilla/5.0 (Windows NT 10.0; Win64; x64) AppleWebKit/537.36 (KHTML, like Gecko) Chrome/141.0.7390.37 Safari/537.36"
[2025-11-29T22:15:16.114Z]  "GET /src/core/responsiveTester.js" "Mozilla/5.0 (Windows NT 10.0; Win64; x64) AppleWebKit/537.36 (KHTML, like Gecko) Chrome/141.0.7390.37 Safari/537.36"
[2025-11-29T22:15:16.118Z]  "GET /src/core/livePreview.js" "Mozilla/5.0 (Windows NT 10.0; Win64; x64) AppleWebKit/537.36 (KHTML, like Gecko) Chrome/141.0.7390.37 Safari/537.36"
[2025-11-29T22:15:16.124Z]  "GET /src/core/themeManager.js" "Mozilla/5.0 (Windows NT 10.0; Win64; x64) AppleWebKit/537.36 (KHTML, like Gecko) Chrome/141.0.7390.37 Safari/537.36"
[2025-11-29T22:15:16.127Z]  "GET /src/core/aiCodeGenerator.js" "Mozilla/5.0 (Windows NT 10.0; Win64; x64) AppleWebKit/537.36 (KHTML, like Gecko) Chrome/141.0.7390.37 Safari/537.36"
[2025-11-29T22:15:16.127Z]  "GET /script.js" "Mozilla/5.0 (Windows NT 10.0; Win64; x64) AppleWebKit/537.36 (KHTML, like Gecko) Chrome/141.0.7390.37 Safari/537.36"
[2025-11-29T22:15:16.143Z]  "GET /src/components/fileLoader.js" "Mozilla/5.0 (Windows NT 10.0; Win64; x64) AppleWebKit/537.36 (KHTML, like Gecko) Chrome/141.0.7390.37 Safari/537.36"
[2025-11-29T22:15:16.144Z]  "GET /src/components/htmlParser.js" "Mozilla/5.0 (Windows NT 10.0; Win64; x64) AppleWebKit/537.36 (KHTML, like Gecko) Chrome/141.0.7390.37 Safari/537.36"
[2025-11-29T22:15:16.147Z]  "GET /src/storage/projectManager.js" "Mozilla/5.0 (Windows NT 10.0; Win64; x64) AppleWebKit/537.36 (KHTML, like Gecko) Chrome/141.0.7390.37 Safari/537.36"
[2025-11-29T22:15:16.149Z]  "GET /src/utils/componentExtractor.js" "Mozilla/5.0 (Windows NT 10.0; Win64; x64) AppleWebKit/537.36 (KHTML, like Gecko) Chrome/141.0.7390.37 Safari/537.36"
[2025-11-29T22:15:16.150Z]  "GET /src/core/undoRedo.js" "Mozilla/5.0 (Windows NT 10.0; Win64; x64) AppleWebKit/537.36 (KHTML, like Gecko) Chrome/141.0.7390.37 Safari/537.36"
[2025-11-29T22:15:16.150Z]  "GET /src/core/keyboardShortcuts.js" "Mozilla/5.0 (Windows NT 10.0; Win64; x64) AppleWebKit/537.36 (KHTML, like Gecko) Chrome/141.0.7390.37 Safari/537.36"
[2025-11-29T22:15:16.150Z]  "GET /src/core/responsiveTester.js" "Mozilla/5.0 (Windows NT 10.0; Win64; x64) AppleWebKit/537.36 (KHTML, like Gecko) Chrome/141.0.7390.37 Safari/537.36"
[2025-11-29T22:15:16.151Z]  "GET /src/core/livePreview.js" "Mozilla/5.0 (Windows NT 10.0; Win64; x64) AppleWebKit/537.36 (KHTML, like Gecko) Chrome/141.0.7390.37 Safari/537.36"
[2025-11-29T22:15:16.160Z]  "GET /src/core/aiCodeGenerator.js" "Mozilla/5.0 (Windows NT 10.0; Win64; x64) AppleWebKit/537.36 (KHTML, like Gecko) Chrome/141.0.7390.37 Safari/537.36"
[2025-11-29T22:15:16.160Z]  "GET /script.js" "Mozilla/5.0 (Windows NT 10.0; Win64; x64) AppleWebKit/537.36 (KHTML, like Gecko) Chrome/141.0.7390.37 Safari/537.36"
[2025-11-29T22:15:16.161Z]  "GET /src/core/themeManager.js" "Mozilla/5.0 (Windows NT 10.0; Win64; x64) AppleWebKit/537.36 (KHTML, like Gecko) Chrome/141.0.7390.37 Safari/537.36"
[2025-11-29T22:15:16.342Z]  "GET /index.html" "Mozilla/5.0 (Windows NT 10.0; Win64; x64) AppleWebKit/537.36 (KHTML, like Gecko) Chrome/141.0.7390.37 Safari/537.36"
[2025-11-29T22:15:16.401Z]  "GET /index.html" "Mozilla/5.0 (Windows NT 10.0; Win64; x64) AppleWebKit/537.36 (KHTML, like Gecko) Chrome/141.0.7390.37 Safari/537.36"
[2025-11-29T22:15:17.747Z]  "GET /index.html" "Mozilla/5.0 (Windows NT 10.0; Win64; x64) AppleWebKit/537.36 (KHTML, like Gecko) Chrome/141.0.7390.37 Safari/537.36"
[2025-11-29T22:15:17.757Z]  "GET /style.css" "Mozilla/5.0 (Windows NT 10.0; Win64; x64) AppleWebKit/537.36 (KHTML, like Gecko) Chrome/141.0.7390.37 Safari/537.36"
[2025-11-29T22:15:17.761Z]  "GET /src/components/fileLoader.js" "Mozilla/5.0 (Windows NT 10.0; Win64; x64) AppleWebKit/537.36 (KHTML, like Gecko) Chrome/141.0.7390.37 Safari/537.36"
[2025-11-29T22:15:17.761Z]  "GET /src/components/htmlParser.js" "Mozilla/5.0 (Windows NT 10.0; Win64; x64) AppleWebKit/537.36 (KHTML, like Gecko) Chrome/141.0.7390.37 Safari/537.36"
[2025-11-29T22:15:17.762Z]  "GET /src/storage/projectManager.js" "Mozilla/5.0 (Windows NT 10.0; Win64; x64) AppleWebKit/537.36 (KHTML, like Gecko) Chrome/141.0.7390.37 Safari/537.36"
[2025-11-29T22:15:17.762Z]  "GET /src/utils/componentExtractor.js" "Mozilla/5.0 (Windows NT 10.0; Win64; x64) AppleWebKit/537.36 (KHTML, like Gecko) Chrome/141.0.7390.37 Safari/537.36"
[2025-11-29T22:15:17.762Z]  "GET /src/core/undoRedo.js" "Mozilla/5.0 (Windows NT 10.0; Win64; x64) AppleWebKit/537.36 (KHTML, like Gecko) Chrome/141.0.7390.37 Safari/537.36"
[2025-11-29T22:15:17.764Z]  "GET /src/core/keyboardShortcuts.js" "Mozilla/5.0 (Windows NT 10.0; Win64; x64) AppleWebKit/537.36 (KHTML, like Gecko) Chrome/141.0.7390.37 Safari/537.36"
[2025-11-29T22:15:17.771Z]  "GET /src/core/responsiveTester.js" "Mozilla/5.0 (Windows NT 10.0; Win64; x64) AppleWebKit/537.36 (KHTML, like Gecko) Chrome/141.0.7390.37 Safari/537.36"
[2025-11-29T22:15:17.772Z]  "GET /src/core/livePreview.js" "Mozilla/5.0 (Windows NT 10.0; Win64; x64) AppleWebKit/537.36 (KHTML, like Gecko) Chrome/141.0.7390.37 Safari/537.36"
[2025-11-29T22:15:17.773Z]  "GET /src/core/themeManager.js" "Mozilla/5.0 (Windows NT 10.0; Win64; x64) AppleWebKit/537.36 (KHTML, like Gecko) Chrome/141.0.7390.37 Safari/537.36"
[2025-11-29T22:15:17.774Z]  "GET /src/core/aiCodeGenerator.js" "Mozilla/5.0 (Windows NT 10.0; Win64; x64) AppleWebKit/537.36 (KHTML, like Gecko) Chrome/141.0.7390.37 Safari/537.36"
[2025-11-29T22:15:17.774Z]  "GET /script.js" "Mozilla/5.0 (Windows NT 10.0; Win64; x64) AppleWebKit/537.36 (KHTML, like Gecko) Chrome/141.0.7390.37 Safari/537.36"
[2025-11-29T22:15:17.860Z]  "GET /index.html" "Mozilla/5.0 (Windows NT 10.0; Win64; x64) AppleWebKit/537.36 (KHTML, like Gecko) Chrome/141.0.7390.37 Safari/537.36"
[2025-11-29T22:21:21.912Z]  "GET /" "undefined"
[2025-11-29T22:21:21.920Z]  "GET /" "undefined"
[2025-11-29T22:22:13.108Z]  "GET /" "undefined"
[2025-11-29T22:22:13.113Z]  "GET /" "undefined"
[2025-11-29T22:22:14.587Z]  "GET /index.html" "Mozilla/5.0 (Windows NT 10.0; Win64; x64) AppleWebKit/537.36 (KHTML, like Gecko) Chrome/141.0.7390.37 Safari/537.36"
[2025-11-29T22:22:14.613Z]  "GET /style.css" "Mozilla/5.0 (Windows NT 10.0; Win64; x64) AppleWebKit/537.36 (KHTML, like Gecko) Chrome/141.0.7390.37 Safari/537.36"
[2025-11-29T22:22:14.616Z]  "GET /src/components/fileLoader.js" "Mozilla/5.0 (Windows NT 10.0; Win64; x64) AppleWebKit/537.36 (KHTML, like Gecko) Chrome/141.0.7390.37 Safari/537.36"
[2025-11-29T22:22:14.617Z]  "GET /src/components/htmlParser.js" "Mozilla/5.0 (Windows NT 10.0; Win64; x64) AppleWebKit/537.36 (KHTML, like Gecko) Chrome/141.0.7390.37 Safari/537.36"
[2025-11-29T22:22:14.618Z]  "GET /src/storage/projectManager.js" "Mozilla/5.0 (Windows NT 10.0; Win64; x64) AppleWebKit/537.36 (KHTML, like Gecko) Chrome/141.0.7390.37 Safari/537.36"
[2025-11-29T22:22:14.619Z]  "GET /src/utils/componentExtractor.js" "Mozilla/5.0 (Windows NT 10.0; Win64; x64) AppleWebKit/537.36 (KHTML, like Gecko) Chrome/141.0.7390.37 Safari/537.36"
[2025-11-29T22:22:14.619Z]  "GET /src/core/undoRedo.js" "Mozilla/5.0 (Windows NT 10.0; Win64; x64) AppleWebKit/537.36 (KHTML, like Gecko) Chrome/141.0.7390.37 Safari/537.36"
[2025-11-29T22:22:14.619Z]  "GET /src/core/keyboardShortcuts.js" "Mozilla/5.0 (Windows NT 10.0; Win64; x64) AppleWebKit/537.36 (KHTML, like Gecko) Chrome/141.0.7390.37 Safari/537.36"
[2025-11-29T22:22:14.633Z]  "GET /src/core/responsiveTester.js" "Mozilla/5.0 (Windows NT 10.0; Win64; x64) AppleWebKit/537.36 (KHTML, like Gecko) Chrome/141.0.7390.37 Safari/537.36"
[2025-11-29T22:22:14.634Z]  "GET /src/core/livePreview.js" "Mozilla/5.0 (Windows NT 10.0; Win64; x64) AppleWebKit/537.36 (KHTML, like Gecko) Chrome/141.0.7390.37 Safari/537.36"
[2025-11-29T22:22:14.637Z]  "GET /index.html" "Mozilla/5.0 (Windows NT 10.0; Win64; x64) AppleWebKit/537.36 (KHTML, like Gecko) Chrome/141.0.7390.37 Safari/537.36"
[2025-11-29T22:22:14.637Z]  "GET /src/core/themeManager.js" "Mozilla/5.0 (Windows NT 10.0; Win64; x64) AppleWebKit/537.36 (KHTML, like Gecko) Chrome/141.0.7390.37 Safari/537.36"
[2025-11-29T22:22:14.658Z]  "GET /src/core/aiCodeGenerator.js" "Mozilla/5.0 (Windows NT 10.0; Win64; x64) AppleWebKit/537.36 (KHTML, like Gecko) Chrome/141.0.7390.37 Safari/537.36"
[2025-11-29T22:22:14.660Z]  "GET /script.js" "Mozilla/5.0 (Windows NT 10.0; Win64; x64) AppleWebKit/537.36 (KHTML, like Gecko) Chrome/141.0.7390.37 Safari/537.36"
[2025-11-29T22:22:14.679Z]  "GET /style.css" "Mozilla/5.0 (Windows NT 10.0; Win64; x64) AppleWebKit/537.36 (KHTML, like Gecko) Chrome/141.0.7390.37 Safari/537.36"
[2025-11-29T22:22:14.709Z]  "GET /src/components/fileLoader.js" "Mozilla/5.0 (Windows NT 10.0; Win64; x64) AppleWebKit/537.36 (KHTML, like Gecko) Chrome/141.0.7390.37 Safari/537.36"
[2025-11-29T22:22:14.709Z]  "GET /src/components/htmlParser.js" "Mozilla/5.0 (Windows NT 10.0; Win64; x64) AppleWebKit/537.36 (KHTML, like Gecko) Chrome/141.0.7390.37 Safari/537.36"
[2025-11-29T22:22:14.711Z]  "GET /src/storage/projectManager.js" "Mozilla/5.0 (Windows NT 10.0; Win64; x64) AppleWebKit/537.36 (KHTML, like Gecko) Chrome/141.0.7390.37 Safari/537.36"
[2025-11-29T22:22:14.712Z]  "GET /src/utils/componentExtractor.js" "Mozilla/5.0 (Windows NT 10.0; Win64; x64) AppleWebKit/537.36 (KHTML, like Gecko) Chrome/141.0.7390.37 Safari/537.36"
[2025-11-29T22:22:14.713Z]  "GET /src/core/undoRedo.js" "Mozilla/5.0 (Windows NT 10.0; Win64; x64) AppleWebKit/537.36 (KHTML, like Gecko) Chrome/141.0.7390.37 Safari/537.36"
[2025-11-29T22:22:14.714Z]  "GET /src/core/keyboardShortcuts.js" "Mozilla/5.0 (Windows NT 10.0; Win64; x64) AppleWebKit/537.36 (KHTML, like Gecko) Chrome/141.0.7390.37 Safari/537.36"
[2025-11-29T22:22:14.718Z]  "GET /src/core/responsiveTester.js" "Mozilla/5.0 (Windows NT 10.0; Win64; x64) AppleWebKit/537.36 (KHTML, like Gecko) Chrome/141.0.7390.37 Safari/537.36"
[2025-11-29T22:22:14.720Z]  "GET /src/core/livePreview.js" "Mozilla/5.0 (Windows NT 10.0; Win64; x64) AppleWebKit/537.36 (KHTML, like Gecko) Chrome/141.0.7390.37 Safari/537.36"
[2025-11-29T22:22:14.724Z]  "GET /src/core/themeManager.js" "Mozilla/5.0 (Windows NT 10.0; Win64; x64) AppleWebKit/537.36 (KHTML, like Gecko) Chrome/141.0.7390.37 Safari/537.36"
[2025-11-29T22:22:14.727Z]  "GET /src/core/aiCodeGenerator.js" "Mozilla/5.0 (Windows NT 10.0; Win64; x64) AppleWebKit/537.36 (KHTML, like Gecko) Chrome/141.0.7390.37 Safari/537.36"
[2025-11-29T22:22:14.733Z]  "GET /script.js" "Mozilla/5.0 (Windows NT 10.0; Win64; x64) AppleWebKit/537.36 (KHTML, like Gecko) Chrome/141.0.7390.37 Safari/537.36"
[2025-11-29T22:22:14.912Z]  "GET /index.html" "Mozilla/5.0 (Windows NT 10.0; Win64; x64) AppleWebKit/537.36 (KHTML, like Gecko) Chrome/141.0.7390.37 Safari/537.36"
[2025-11-29T22:22:15.034Z]  "GET /index.html" "Mozilla/5.0 (Windows NT 10.0; Win64; x64) AppleWebKit/537.36 (KHTML, like Gecko) Chrome/141.0.7390.37 Safari/537.36"
[2025-11-29T22:22:45.902Z]  "GET /index.html" "Mozilla/5.0 (Windows NT 10.0; Win64; x64) AppleWebKit/537.36 (KHTML, like Gecko) Chrome/141.0.7390.37 Safari/537.36"
[2025-11-29T22:22:45.963Z]  "GET /style.css" "Mozilla/5.0 (Windows NT 10.0; Win64; x64) AppleWebKit/537.36 (KHTML, like Gecko) Chrome/141.0.7390.37 Safari/537.36"
[2025-11-29T22:22:45.963Z]  "GET /src/components/fileLoader.js" "Mozilla/5.0 (Windows NT 10.0; Win64; x64) AppleWebKit/537.36 (KHTML, like Gecko) Chrome/141.0.7390.37 Safari/537.36"
[2025-11-29T22:22:45.965Z]  "GET /src/components/htmlParser.js" "Mozilla/5.0 (Windows NT 10.0; Win64; x64) AppleWebKit/537.36 (KHTML, like Gecko) Chrome/141.0.7390.37 Safari/537.36"
[2025-11-29T22:22:45.965Z]  "GET /src/storage/projectManager.js" "Mozilla/5.0 (Windows NT 10.0; Win64; x64) AppleWebKit/537.36 (KHTML, like Gecko) Chrome/141.0.7390.37 Safari/537.36"
[2025-11-29T22:22:45.966Z]  "GET /src/utils/componentExtractor.js" "Mozilla/5.0 (Windows NT 10.0; Win64; x64) AppleWebKit/537.36 (KHTML, like Gecko) Chrome/141.0.7390.37 Safari/537.36"
[2025-11-29T22:22:45.967Z]  "GET /src/core/undoRedo.js" "Mozilla/5.0 (Windows NT 10.0; Win64; x64) AppleWebKit/537.36 (KHTML, like Gecko) Chrome/141.0.7390.37 Safari/537.36"
[2025-11-29T22:22:46.000Z]  "GET /src/core/keyboardShortcuts.js" "Mozilla/5.0 (Windows NT 10.0; Win64; x64) AppleWebKit/537.36 (KHTML, like Gecko) Chrome/141.0.7390.37 Safari/537.36"
[2025-11-29T22:22:46.005Z]  "GET /src/core/responsiveTester.js" "Mozilla/5.0 (Windows NT 10.0; Win64; x64) AppleWebKit/537.36 (KHTML, like Gecko) Chrome/141.0.7390.37 Safari/537.36"
[2025-11-29T22:22:46.006Z]  "GET /src/core/livePreview.js" "Mozilla/5.0 (Windows NT 10.0; Win64; x64) AppleWebKit/537.36 (KHTML, like Gecko) Chrome/141.0.7390.37 Safari/537.36"
[2025-11-29T22:22:46.007Z]  "GET /src/core/themeManager.js" "Mozilla/5.0 (Windows NT 10.0; Win64; x64) AppleWebKit/537.36 (KHTML, like Gecko) Chrome/141.0.7390.37 Safari/537.36"
[2025-11-29T22:22:46.007Z]  "GET /src/core/aiCodeGenerator.js" "Mozilla/5.0 (Windows NT 10.0; Win64; x64) AppleWebKit/537.36 (KHTML, like Gecko) Chrome/141.0.7390.37 Safari/537.36"
[2025-11-29T22:22:46.011Z]  "GET /script.js" "Mozilla/5.0 (Windows NT 10.0; Win64; x64) AppleWebKit/537.36 (KHTML, like Gecko) Chrome/141.0.7390.37 Safari/537.36"
[2025-11-29T22:22:46.030Z]  "GET /index.html" "Mozilla/5.0 (Windows NT 10.0; Win64; x64) AppleWebKit/537.36 (KHTML, like Gecko) Chrome/141.0.7390.37 Safari/537.36"
[2025-11-29T22:22:46.077Z]  "GET /style.css" "Mozilla/5.0 (Windows NT 10.0; Win64; x64) AppleWebKit/537.36 (KHTML, like Gecko) Chrome/141.0.7390.37 Safari/537.36"
[2025-11-29T22:22:46.078Z]  "GET /src/components/fileLoader.js" "Mozilla/5.0 (Windows NT 10.0; Win64; x64) AppleWebKit/537.36 (KHTML, like Gecko) Chrome/141.0.7390.37 Safari/537.36"
[2025-11-29T22:22:46.078Z]  "GET /src/components/htmlParser.js" "Mozilla/5.0 (Windows NT 10.0; Win64; x64) AppleWebKit/537.36 (KHTML, like Gecko) Chrome/141.0.7390.37 Safari/537.36"
[2025-11-29T22:22:46.078Z]  "GET /src/storage/projectManager.js" "Mozilla/5.0 (Windows NT 10.0; Win64; x64) AppleWebKit/537.36 (KHTML, like Gecko) Chrome/141.0.7390.37 Safari/537.36"
[2025-11-29T22:22:46.087Z]  "GET /src/utils/componentExtractor.js" "Mozilla/5.0 (Windows NT 10.0; Win64; x64) AppleWebKit/537.36 (KHTML, like Gecko) Chrome/141.0.7390.37 Safari/537.36"
[2025-11-29T22:22:46.098Z]  "GET /src/core/undoRedo.js" "Mozilla/5.0 (Windows NT 10.0; Win64; x64) AppleWebKit/537.36 (KHTML, like Gecko) Chrome/141.0.7390.37 Safari/537.36"
[2025-11-29T22:22:46.110Z]  "GET /src/core/keyboardShortcuts.js" "Mozilla/5.0 (Windows NT 10.0; Win64; x64) AppleWebKit/537.36 (KHTML, like Gecko) Chrome/141.0.7390.37 Safari/537.36"
[2025-11-29T22:22:46.110Z]  "GET /src/core/responsiveTester.js" "Mozilla/5.0 (Windows NT 10.0; Win64; x64) AppleWebKit/537.36 (KHTML, like Gecko) Chrome/141.0.7390.37 Safari/537.36"
[2025-11-29T22:22:46.112Z]  "GET /src/core/livePreview.js" "Mozilla/5.0 (Windows NT 10.0; Win64; x64) AppleWebKit/537.36 (KHTML, like Gecko) Chrome/141.0.7390.37 Safari/537.36"
[2025-11-29T22:22:46.118Z]  "GET /src/core/themeManager.js" "Mozilla/5.0 (Windows NT 10.0; Win64; x64) AppleWebKit/537.36 (KHTML, like Gecko) Chrome/141.0.7390.37 Safari/537.36"
[2025-11-29T22:22:46.120Z]  "GET /src/core/aiCodeGenerator.js" "Mozilla/5.0 (Windows NT 10.0; Win64; x64) AppleWebKit/537.36 (KHTML, like Gecko) Chrome/141.0.7390.37 Safari/537.36"
[2025-11-29T22:22:46.129Z]  "GET /script.js" "Mozilla/5.0 (Windows NT 10.0; Win64; x64) AppleWebKit/537.36 (KHTML, like Gecko) Chrome/141.0.7390.37 Safari/537.36"
[2025-11-29T22:22:46.261Z]  "GET /index.html" "Mozilla/5.0 (Windows NT 10.0; Win64; x64) AppleWebKit/537.36 (KHTML, like Gecko) Chrome/141.0.7390.37 Safari/537.36"
[2025-11-29T22:22:46.316Z]  "GET /index.html" "Mozilla/5.0 (Windows NT 10.0; Win64; x64) AppleWebKit/537.36 (KHTML, like Gecko) Chrome/141.0.7390.37 Safari/537.36"
[2025-11-29T22:22:47.392Z]  "GET /index.html" "Mozilla/5.0 (Windows NT 10.0; Win64; x64) AppleWebKit/537.36 (KHTML, like Gecko) Chrome/141.0.7390.37 Safari/537.36"
[2025-11-29T22:22:47.402Z]  "GET /style.css" "Mozilla/5.0 (Windows NT 10.0; Win64; x64) AppleWebKit/537.36 (KHTML, like Gecko) Chrome/141.0.7390.37 Safari/537.36"
[2025-11-29T22:22:47.411Z]  "GET /src/components/fileLoader.js" "Mozilla/5.0 (Windows NT 10.0; Win64; x64) AppleWebKit/537.36 (KHTML, like Gecko) Chrome/141.0.7390.37 Safari/537.36"
[2025-11-29T22:22:47.412Z]  "GET /src/components/htmlParser.js" "Mozilla/5.0 (Windows NT 10.0; Win64; x64) AppleWebKit/537.36 (KHTML, like Gecko) Chrome/141.0.7390.37 Safari/537.36"
[2025-11-29T22:22:47.412Z]  "GET /src/storage/projectManager.js" "Mozilla/5.0 (Windows NT 10.0; Win64; x64) AppleWebKit/537.36 (KHTML, like Gecko) Chrome/141.0.7390.37 Safari/537.36"
[2025-11-29T22:22:47.412Z]  "GET /src/utils/componentExtractor.js" "Mozilla/5.0 (Windows NT 10.0; Win64; x64) AppleWebKit/537.36 (KHTML, like Gecko) Chrome/141.0.7390.37 Safari/537.36"
[2025-11-29T22:22:47.413Z]  "GET /src/core/undoRedo.js" "Mozilla/5.0 (Windows NT 10.0; Win64; x64) AppleWebKit/537.36 (KHTML, like Gecko) Chrome/141.0.7390.37 Safari/537.36"
[2025-11-29T22:22:47.413Z]  "GET /src/core/keyboardShortcuts.js" "Mozilla/5.0 (Windows NT 10.0; Win64; x64) AppleWebKit/537.36 (KHTML, like Gecko) Chrome/141.0.7390.37 Safari/537.36"
[2025-11-29T22:22:47.423Z]  "GET /src/core/responsiveTester.js" "Mozilla/5.0 (Windows NT 10.0; Win64; x64) AppleWebKit/537.36 (KHTML, like Gecko) Chrome/141.0.7390.37 Safari/537.36"
[2025-11-29T22:22:47.423Z]  "GET /src/core/livePreview.js" "Mozilla/5.0 (Windows NT 10.0; Win64; x64) AppleWebKit/537.36 (KHTML, like Gecko) Chrome/141.0.7390.37 Safari/537.36"
[2025-11-29T22:22:47.427Z]  "GET /src/core/themeManager.js" "Mozilla/5.0 (Windows NT 10.0; Win64; x64) AppleWebKit/537.36 (KHTML, like Gecko) Chrome/141.0.7390.37 Safari/537.36"
[2025-11-29T22:22:47.428Z]  "GET /src/core/aiCodeGenerator.js" "Mozilla/5.0 (Windows NT 10.0; Win64; x64) AppleWebKit/537.36 (KHTML, like Gecko) Chrome/141.0.7390.37 Safari/537.36"
[2025-11-29T22:22:47.428Z]  "GET /script.js" "Mozilla/5.0 (Windows NT 10.0; Win64; x64) AppleWebKit/537.36 (KHTML, like Gecko) Chrome/141.0.7390.37 Safari/537.36"
[2025-11-29T22:22:47.503Z]  "GET /index.html" "Mozilla/5.0 (Windows NT 10.0; Win64; x64) AppleWebKit/537.36 (KHTML, like Gecko) Chrome/141.0.7390.37 Safari/537.36"
[2025-11-29T22:26:48.404Z]  "GET /" "undefined"
[2025-11-29T22:26:48.408Z]  "GET /" "undefined"
[2025-11-29T22:26:49.901Z]  "GET /index.html" "Mozilla/5.0 (Windows NT 10.0; Win64; x64) AppleWebKit/537.36 (KHTML, like Gecko) Chrome/141.0.7390.37 Safari/537.36"
[2025-11-29T22:26:49.954Z]  "GET /style.css" "Mozilla/5.0 (Windows NT 10.0; Win64; x64) AppleWebKit/537.36 (KHTML, like Gecko) Chrome/141.0.7390.37 Safari/537.36"
[2025-11-29T22:26:49.962Z]  "GET /src/components/fileLoader.js" "Mozilla/5.0 (Windows NT 10.0; Win64; x64) AppleWebKit/537.36 (KHTML, like Gecko) Chrome/141.0.7390.37 Safari/537.36"
[2025-11-29T22:26:49.962Z]  "GET /src/components/htmlParser.js" "Mozilla/5.0 (Windows NT 10.0; Win64; x64) AppleWebKit/537.36 (KHTML, like Gecko) Chrome/141.0.7390.37 Safari/537.36"
[2025-11-29T22:26:49.962Z]  "GET /src/storage/projectManager.js" "Mozilla/5.0 (Windows NT 10.0; Win64; x64) AppleWebKit/537.36 (KHTML, like Gecko) Chrome/141.0.7390.37 Safari/537.36"
[2025-11-29T22:26:49.963Z]  "GET /src/utils/componentExtractor.js" "Mozilla/5.0 (Windows NT 10.0; Win64; x64) AppleWebKit/537.36 (KHTML, like Gecko) Chrome/141.0.7390.37 Safari/537.36"
[2025-11-29T22:26:49.963Z]  "GET /src/core/undoRedo.js" "Mozilla/5.0 (Windows NT 10.0; Win64; x64) AppleWebKit/537.36 (KHTML, like Gecko) Chrome/141.0.7390.37 Safari/537.36"
[2025-11-29T22:26:49.963Z]  "GET /src/core/keyboardShortcuts.js" "Mozilla/5.0 (Windows NT 10.0; Win64; x64) AppleWebKit/537.36 (KHTML, like Gecko) Chrome/141.0.7390.37 Safari/537.36"
[2025-11-29T22:26:49.971Z]  "GET /src/core/responsiveTester.js" "Mozilla/5.0 (Windows NT 10.0; Win64; x64) AppleWebKit/537.36 (KHTML, like Gecko) Chrome/141.0.7390.37 Safari/537.36"
[2025-11-29T22:26:49.976Z]  "GET /src/core/livePreview.js" "Mozilla/5.0 (Windows NT 10.0; Win64; x64) AppleWebKit/537.36 (KHTML, like Gecko) Chrome/141.0.7390.37 Safari/537.36"
[2025-11-29T22:26:49.977Z]  "GET /src/core/themeManager.js" "Mozilla/5.0 (Windows NT 10.0; Win64; x64) AppleWebKit/537.36 (KHTML, like Gecko) Chrome/141.0.7390.37 Safari/537.36"
[2025-11-29T22:26:49.977Z]  "GET /src/core/aiCodeGenerator.js" "Mozilla/5.0 (Windows NT 10.0; Win64; x64) AppleWebKit/537.36 (KHTML, like Gecko) Chrome/141.0.7390.37 Safari/537.36"
[2025-11-29T22:26:49.977Z]  "GET /script.js" "Mozilla/5.0 (Windows NT 10.0; Win64; x64) AppleWebKit/537.36 (KHTML, like Gecko) Chrome/141.0.7390.37 Safari/537.36"
[2025-11-29T22:26:49.987Z]  "GET /index.html" "Mozilla/5.0 (Windows NT 10.0; Win64; x64) AppleWebKit/537.36 (KHTML, like Gecko) Chrome/141.0.7390.37 Safari/537.36"
[2025-11-29T22:26:50.011Z]  "GET /style.css" "Mozilla/5.0 (Windows NT 10.0; Win64; x64) AppleWebKit/537.36 (KHTML, like Gecko) Chrome/141.0.7390.37 Safari/537.36"
[2025-11-29T22:26:50.013Z]  "GET /src/components/fileLoader.js" "Mozilla/5.0 (Windows NT 10.0; Win64; x64) AppleWebKit/537.36 (KHTML, like Gecko) Chrome/141.0.7390.37 Safari/537.36"
[2025-11-29T22:26:50.023Z]  "GET /src/components/htmlParser.js" "Mozilla/5.0 (Windows NT 10.0; Win64; x64) AppleWebKit/537.36 (KHTML, like Gecko) Chrome/141.0.7390.37 Safari/537.36"
[2025-11-29T22:26:50.025Z]  "GET /src/storage/projectManager.js" "Mozilla/5.0 (Windows NT 10.0; Win64; x64) AppleWebKit/537.36 (KHTML, like Gecko) Chrome/141.0.7390.37 Safari/537.36"
[2025-11-29T22:26:50.026Z]  "GET /src/utils/componentExtractor.js" "Mozilla/5.0 (Windows NT 10.0; Win64; x64) AppleWebKit/537.36 (KHTML, like Gecko) Chrome/141.0.7390.37 Safari/537.36"
[2025-11-29T22:26:50.027Z]  "GET /src/core/undoRedo.js" "Mozilla/5.0 (Windows NT 10.0; Win64; x64) AppleWebKit/537.36 (KHTML, like Gecko) Chrome/141.0.7390.37 Safari/537.36"
[2025-11-29T22:26:50.028Z]  "GET /src/core/keyboardShortcuts.js" "Mozilla/5.0 (Windows NT 10.0; Win64; x64) AppleWebKit/537.36 (KHTML, like Gecko) Chrome/141.0.7390.37 Safari/537.36"
[2025-11-29T22:26:50.029Z]  "GET /src/core/responsiveTester.js" "Mozilla/5.0 (Windows NT 10.0; Win64; x64) AppleWebKit/537.36 (KHTML, like Gecko) Chrome/141.0.7390.37 Safari/537.36"
[2025-11-29T22:26:50.045Z]  "GET /src/core/livePreview.js" "Mozilla/5.0 (Windows NT 10.0; Win64; x64) AppleWebKit/537.36 (KHTML, like Gecko) Chrome/141.0.7390.37 Safari/537.36"
[2025-11-29T22:26:50.046Z]  "GET /src/core/themeManager.js" "Mozilla/5.0 (Windows NT 10.0; Win64; x64) AppleWebKit/537.36 (KHTML, like Gecko) Chrome/141.0.7390.37 Safari/537.36"
[2025-11-29T22:26:50.046Z]  "GET /src/core/aiCodeGenerator.js" "Mozilla/5.0 (Windows NT 10.0; Win64; x64) AppleWebKit/537.36 (KHTML, like Gecko) Chrome/141.0.7390.37 Safari/537.36"
[2025-11-29T22:26:50.047Z]  "GET /script.js" "Mozilla/5.0 (Windows NT 10.0; Win64; x64) AppleWebKit/537.36 (KHTML, like Gecko) Chrome/141.0.7390.37 Safari/537.36"
[2025-11-29T22:26:50.154Z]  "GET /index.html" "Mozilla/5.0 (Windows NT 10.0; Win64; x64) AppleWebKit/537.36 (KHTML, like Gecko) Chrome/141.0.7390.37 Safari/537.36"
[2025-11-29T22:26:50.253Z]  "GET /index.html" "Mozilla/5.0 (Windows NT 10.0; Win64; x64) AppleWebKit/537.36 (KHTML, like Gecko) Chrome/141.0.7390.37 Safari/537.36"
[2025-11-29T22:26:50.836Z]  "GET /index.html" "Mozilla/5.0 (Windows NT 10.0; Win64; x64) AppleWebKit/537.36 (KHTML, like Gecko) Chrome/141.0.7390.37 Safari/537.36"
[2025-11-29T22:26:52.292Z]  "GET /index.html" "Mozilla/5.0 (Windows NT 10.0; Win64; x64) AppleWebKit/537.36 (KHTML, like Gecko) Chrome/141.0.7390.37 Safari/537.36"
[2025-11-29T22:26:52.342Z]  "GET /style.css" "Mozilla/5.0 (Windows NT 10.0; Win64; x64) AppleWebKit/537.36 (KHTML, like Gecko) Chrome/141.0.7390.37 Safari/537.36"
[2025-11-29T22:26:52.359Z]  "GET /src/components/fileLoader.js" "Mozilla/5.0 (Windows NT 10.0; Win64; x64) AppleWebKit/537.36 (KHTML, like Gecko) Chrome/141.0.7390.37 Safari/537.36"
[2025-11-29T22:26:52.362Z]  "GET /src/components/htmlParser.js" "Mozilla/5.0 (Windows NT 10.0; Win64; x64) AppleWebKit/537.36 (KHTML, like Gecko) Chrome/141.0.7390.37 Safari/537.36"
[2025-11-29T22:26:52.367Z]  "GET /src/storage/projectManager.js" "Mozilla/5.0 (Windows NT 10.0; Win64; x64) AppleWebKit/537.36 (KHTML, like Gecko) Chrome/141.0.7390.37 Safari/537.36"
[2025-11-29T22:26:52.368Z]  "GET /src/utils/componentExtractor.js" "Mozilla/5.0 (Windows NT 10.0; Win64; x64) AppleWebKit/537.36 (KHTML, like Gecko) Chrome/141.0.7390.37 Safari/537.36"
[2025-11-29T22:26:52.369Z]  "GET /src/core/undoRedo.js" "Mozilla/5.0 (Windows NT 10.0; Win64; x64) AppleWebKit/537.36 (KHTML, like Gecko) Chrome/141.0.7390.37 Safari/537.36"
[2025-11-29T22:26:52.371Z]  "GET /src/core/keyboardShortcuts.js" "Mozilla/5.0 (Windows NT 10.0; Win64; x64) AppleWebKit/537.36 (KHTML, like Gecko) Chrome/141.0.7390.37 Safari/537.36"
[2025-11-29T22:26:52.384Z]  "GET /src/core/responsiveTester.js" "Mozilla/5.0 (Windows NT 10.0; Win64; x64) AppleWebKit/537.36 (KHTML, like Gecko) Chrome/141.0.7390.37 Safari/537.36"
[2025-11-29T22:26:52.385Z]  "GET /src/core/livePreview.js" "Mozilla/5.0 (Windows NT 10.0; Win64; x64) AppleWebKit/537.36 (KHTML, like Gecko) Chrome/141.0.7390.37 Safari/537.36"
[2025-11-29T22:26:52.398Z]  "GET /src/core/themeManager.js" "Mozilla/5.0 (Windows NT 10.0; Win64; x64) AppleWebKit/537.36 (KHTML, like Gecko) Chrome/141.0.7390.37 Safari/537.36"
[2025-11-29T22:26:52.399Z]  "GET /src/core/aiCodeGenerator.js" "Mozilla/5.0 (Windows NT 10.0; Win64; x64) AppleWebKit/537.36 (KHTML, like Gecko) Chrome/141.0.7390.37 Safari/537.36"
[2025-11-29T22:26:52.399Z]  "GET /script.js" "Mozilla/5.0 (Windows NT 10.0; Win64; x64) AppleWebKit/537.36 (KHTML, like Gecko) Chrome/141.0.7390.37 Safari/537.36"
[2025-11-29T22:26:52.595Z]  "GET /index.html" "Mozilla/5.0 (Windows NT 10.0; Win64; x64) AppleWebKit/537.36 (KHTML, like Gecko) Chrome/141.0.7390.37 Safari/537.36"
[2025-11-29T22:26:52.788Z]  "GET /index.html" "Mozilla/5.0 (Windows NT 10.0; Win64; x64) AppleWebKit/537.36 (KHTML, like Gecko) Chrome/141.0.7390.37 Safari/537.36"
[2025-11-29T22:26:52.808Z]  "GET /style.css" "Mozilla/5.0 (Windows NT 10.0; Win64; x64) AppleWebKit/537.36 (KHTML, like Gecko) Chrome/141.0.7390.37 Safari/537.36"
[2025-11-29T22:26:52.818Z]  "GET /src/components/fileLoader.js" "Mozilla/5.0 (Windows NT 10.0; Win64; x64) AppleWebKit/537.36 (KHTML, like Gecko) Chrome/141.0.7390.37 Safari/537.36"
[2025-11-29T22:26:52.822Z]  "GET /src/components/htmlParser.js" "Mozilla/5.0 (Windows NT 10.0; Win64; x64) AppleWebKit/537.36 (KHTML, like Gecko) Chrome/141.0.7390.37 Safari/537.36"
[2025-11-29T22:26:52.823Z]  "GET /src/storage/projectManager.js" "Mozilla/5.0 (Windows NT 10.0; Win64; x64) AppleWebKit/537.36 (KHTML, like Gecko) Chrome/141.0.7390.37 Safari/537.36"
[2025-11-29T22:26:52.824Z]  "GET /src/utils/componentExtractor.js" "Mozilla/5.0 (Windows NT 10.0; Win64; x64) AppleWebKit/537.36 (KHTML, like Gecko) Chrome/141.0.7390.37 Safari/537.36"
[2025-11-29T22:26:52.824Z]  "GET /src/core/undoRedo.js" "Mozilla/5.0 (Windows NT 10.0; Win64; x64) AppleWebKit/537.36 (KHTML, like Gecko) Chrome/141.0.7390.37 Safari/537.36"
[2025-11-29T22:26:52.826Z]  "GET /src/core/keyboardShortcuts.js" "Mozilla/5.0 (Windows NT 10.0; Win64; x64) AppleWebKit/537.36 (KHTML, like Gecko) Chrome/141.0.7390.37 Safari/537.36"
[2025-11-29T22:26:52.877Z]  "GET /src/core/responsiveTester.js" "Mozilla/5.0 (Windows NT 10.0; Win64; x64) AppleWebKit/537.36 (KHTML, like Gecko) Chrome/141.0.7390.37 Safari/537.36"
[2025-11-29T22:26:52.901Z]  "GET /src/core/livePreview.js" "Mozilla/5.0 (Windows NT 10.0; Win64; x64) AppleWebKit/537.36 (KHTML, like Gecko) Chrome/141.0.7390.37 Safari/537.36"
[2025-11-29T22:26:52.904Z]  "GET /src/core/themeManager.js" "Mozilla/5.0 (Windows NT 10.0; Win64; x64) AppleWebKit/537.36 (KHTML, like Gecko) Chrome/141.0.7390.37 Safari/537.36"
[2025-11-29T22:26:52.904Z]  "GET /src/core/aiCodeGenerator.js" "Mozilla/5.0 (Windows NT 10.0; Win64; x64) AppleWebKit/537.36 (KHTML, like Gecko) Chrome/141.0.7390.37 Safari/537.36"
[2025-11-29T22:26:52.906Z]  "GET /script.js" "Mozilla/5.0 (Windows NT 10.0; Win64; x64) AppleWebKit/537.36 (KHTML, like Gecko) Chrome/141.0.7390.37 Safari/537.36"
[2025-11-29T22:26:53.108Z]  "GET /index.html" "Mozilla/5.0 (Windows NT 10.0; Win64; x64) AppleWebKit/537.36 (KHTML, like Gecko) Chrome/141.0.7390.37 Safari/537.36"
[2025-11-29T22:26:53.640Z]  "GET /index.html" "Mozilla/5.0 (Windows NT 10.0; Win64; x64) AppleWebKit/537.36 (KHTML, like Gecko) Chrome/141.0.7390.37 Safari/537.36"
[2025-11-29T22:26:53.659Z]  "GET /style.css" "Mozilla/5.0 (Windows NT 10.0; Win64; x64) AppleWebKit/537.36 (KHTML, like Gecko) Chrome/141.0.7390.37 Safari/537.36"
[2025-11-29T22:26:53.662Z]  "GET /src/components/fileLoader.js" "Mozilla/5.0 (Windows NT 10.0; Win64; x64) AppleWebKit/537.36 (KHTML, like Gecko) Chrome/141.0.7390.37 Safari/537.36"
[2025-11-29T22:26:53.663Z]  "GET /src/components/htmlParser.js" "Mozilla/5.0 (Windows NT 10.0; Win64; x64) AppleWebKit/537.36 (KHTML, like Gecko) Chrome/141.0.7390.37 Safari/537.36"
[2025-11-29T22:26:53.663Z]  "GET /src/storage/projectManager.js" "Mozilla/5.0 (Windows NT 10.0; Win64; x64) AppleWebKit/537.36 (KHTML, like Gecko) Chrome/141.0.7390.37 Safari/537.36"
[2025-11-29T22:26:53.664Z]  "GET /src/utils/componentExtractor.js" "Mozilla/5.0 (Windows NT 10.0; Win64; x64) AppleWebKit/537.36 (KHTML, like Gecko) Chrome/141.0.7390.37 Safari/537.36"
[2025-11-29T22:26:53.667Z]  "GET /src/core/undoRedo.js" "Mozilla/5.0 (Windows NT 10.0; Win64; x64) AppleWebKit/537.36 (KHTML, like Gecko) Chrome/141.0.7390.37 Safari/537.36"
[2025-11-29T22:26:53.668Z]  "GET /src/core/keyboardShortcuts.js" "Mozilla/5.0 (Windows NT 10.0; Win64; x64) AppleWebKit/537.36 (KHTML, like Gecko) Chrome/141.0.7390.37 Safari/537.36"
[2025-11-29T22:26:53.680Z]  "GET /src/core/responsiveTester.js" "Mozilla/5.0 (Windows NT 10.0; Win64; x64) AppleWebKit/537.36 (KHTML, like Gecko) Chrome/141.0.7390.37 Safari/537.36"
[2025-11-29T22:26:53.681Z]  "GET /src/core/livePreview.js" "Mozilla/5.0 (Windows NT 10.0; Win64; x64) AppleWebKit/537.36 (KHTML, like Gecko) Chrome/141.0.7390.37 Safari/537.36"
[2025-11-29T22:26:53.683Z]  "GET /src/core/themeManager.js" "Mozilla/5.0 (Windows NT 10.0; Win64; x64) AppleWebKit/537.36 (KHTML, like Gecko) Chrome/141.0.7390.37 Safari/537.36"
[2025-11-29T22:26:53.686Z]  "GET /src/core/aiCodeGenerator.js" "Mozilla/5.0 (Windows NT 10.0; Win64; x64) AppleWebKit/537.36 (KHTML, like Gecko) Chrome/141.0.7390.37 Safari/537.36"
[2025-11-29T22:26:53.688Z]  "GET /script.js" "Mozilla/5.0 (Windows NT 10.0; Win64; x64) AppleWebKit/537.36 (KHTML, like Gecko) Chrome/141.0.7390.37 Safari/537.36"
[2025-11-29T22:26:53.775Z]  "GET /index.html" "Mozilla/5.0 (Windows NT 10.0; Win64; x64) AppleWebKit/537.36 (KHTML, like Gecko) Chrome/141.0.7390.37 Safari/537.36"
[2025-11-29T22:30:35.981Z]  "GET /" "undefined"
[2025-11-29T22:30:35.986Z]  "GET /" "undefined"
[2025-11-29T22:30:37.465Z]  "GET /index.html" "Mozilla/5.0 (Windows NT 10.0; Win64; x64) AppleWebKit/537.36 (KHTML, like Gecko) Chrome/141.0.7390.37 Safari/537.36"
[2025-11-29T22:30:37.479Z]  "GET /style.css" "Mozilla/5.0 (Windows NT 10.0; Win64; x64) AppleWebKit/537.36 (KHTML, like Gecko) Chrome/141.0.7390.37 Safari/537.36"
[2025-11-29T22:30:37.485Z]  "GET /src/components/fileLoader.js" "Mozilla/5.0 (Windows NT 10.0; Win64; x64) AppleWebKit/537.36 (KHTML, like Gecko) Chrome/141.0.7390.37 Safari/537.36"
[2025-11-29T22:30:37.487Z]  "GET /src/components/htmlParser.js" "Mozilla/5.0 (Windows NT 10.0; Win64; x64) AppleWebKit/537.36 (KHTML, like Gecko) Chrome/141.0.7390.37 Safari/537.36"
[2025-11-29T22:30:37.487Z]  "GET /src/storage/projectManager.js" "Mozilla/5.0 (Windows NT 10.0; Win64; x64) AppleWebKit/537.36 (KHTML, like Gecko) Chrome/141.0.7390.37 Safari/537.36"
[2025-11-29T22:30:37.488Z]  "GET /src/utils/componentExtractor.js" "Mozilla/5.0 (Windows NT 10.0; Win64; x64) AppleWebKit/537.36 (KHTML, like Gecko) Chrome/141.0.7390.37 Safari/537.36"
[2025-11-29T22:30:37.488Z]  "GET /src/core/undoRedo.js" "Mozilla/5.0 (Windows NT 10.0; Win64; x64) AppleWebKit/537.36 (KHTML, like Gecko) Chrome/141.0.7390.37 Safari/537.36"
[2025-11-29T22:30:37.491Z]  "GET /src/core/keyboardShortcuts.js" "Mozilla/5.0 (Windows NT 10.0; Win64; x64) AppleWebKit/537.36 (KHTML, like Gecko) Chrome/141.0.7390.37 Safari/537.36"
[2025-11-29T22:30:37.498Z]  "GET /src/core/responsiveTester.js" "Mozilla/5.0 (Windows NT 10.0; Win64; x64) AppleWebKit/537.36 (KHTML, like Gecko) Chrome/141.0.7390.37 Safari/537.36"
[2025-11-29T22:30:37.499Z]  "GET /src/core/livePreview.js" "Mozilla/5.0 (Windows NT 10.0; Win64; x64) AppleWebKit/537.36 (KHTML, like Gecko) Chrome/141.0.7390.37 Safari/537.36"
[2025-11-29T22:30:37.500Z]  "GET /src/core/themeManager.js" "Mozilla/5.0 (Windows NT 10.0; Win64; x64) AppleWebKit/537.36 (KHTML, like Gecko) Chrome/141.0.7390.37 Safari/537.36"
[2025-11-29T22:30:37.511Z]  "GET /src/core/aiCodeGenerator.js" "Mozilla/5.0 (Windows NT 10.0; Win64; x64) AppleWebKit/537.36 (KHTML, like Gecko) Chrome/141.0.7390.37 Safari/537.36"
[2025-11-29T22:30:37.512Z]  "GET /script.js" "Mozilla/5.0 (Windows NT 10.0; Win64; x64) AppleWebKit/537.36 (KHTML, like Gecko) Chrome/141.0.7390.37 Safari/537.36"
[2025-11-29T22:30:37.528Z]  "GET /index.html" "Mozilla/5.0 (Windows NT 10.0; Win64; x64) AppleWebKit/537.36 (KHTML, like Gecko) Chrome/141.0.7390.37 Safari/537.36"
[2025-11-29T22:30:37.573Z]  "GET /style.css" "Mozilla/5.0 (Windows NT 10.0; Win64; x64) AppleWebKit/537.36 (KHTML, like Gecko) Chrome/141.0.7390.37 Safari/537.36"
[2025-11-29T22:30:37.575Z]  "GET /src/components/fileLoader.js" "Mozilla/5.0 (Windows NT 10.0; Win64; x64) AppleWebKit/537.36 (KHTML, like Gecko) Chrome/141.0.7390.37 Safari/537.36"
[2025-11-29T22:30:37.580Z]  "GET /src/components/htmlParser.js" "Mozilla/5.0 (Windows NT 10.0; Win64; x64) AppleWebKit/537.36 (KHTML, like Gecko) Chrome/141.0.7390.37 Safari/537.36"
[2025-11-29T22:30:37.589Z]  "GET /src/storage/projectManager.js" "Mozilla/5.0 (Windows NT 10.0; Win64; x64) AppleWebKit/537.36 (KHTML, like Gecko) Chrome/141.0.7390.37 Safari/537.36"
[2025-11-29T22:30:37.596Z]  "GET /src/utils/componentExtractor.js" "Mozilla/5.0 (Windows NT 10.0; Win64; x64) AppleWebKit/537.36 (KHTML, like Gecko) Chrome/141.0.7390.37 Safari/537.36"
[2025-11-29T22:30:37.598Z]  "GET /src/core/undoRedo.js" "Mozilla/5.0 (Windows NT 10.0; Win64; x64) AppleWebKit/537.36 (KHTML, like Gecko) Chrome/141.0.7390.37 Safari/537.36"
[2025-11-29T22:30:37.611Z]  "GET /src/core/keyboardShortcuts.js" "Mozilla/5.0 (Windows NT 10.0; Win64; x64) AppleWebKit/537.36 (KHTML, like Gecko) Chrome/141.0.7390.37 Safari/537.36"
[2025-11-29T22:30:37.619Z]  "GET /src/core/responsiveTester.js" "Mozilla/5.0 (Windows NT 10.0; Win64; x64) AppleWebKit/537.36 (KHTML, like Gecko) Chrome/141.0.7390.37 Safari/537.36"
[2025-11-29T22:30:37.621Z]  "GET /src/core/livePreview.js" "Mozilla/5.0 (Windows NT 10.0; Win64; x64) AppleWebKit/537.36 (KHTML, like Gecko) Chrome/141.0.7390.37 Safari/537.36"
[2025-11-29T22:30:37.623Z]  "GET /src/core/themeManager.js" "Mozilla/5.0 (Windows NT 10.0; Win64; x64) AppleWebKit/537.36 (KHTML, like Gecko) Chrome/141.0.7390.37 Safari/537.36"
[2025-11-29T22:30:37.623Z]  "GET /src/core/aiCodeGenerator.js" "Mozilla/5.0 (Windows NT 10.0; Win64; x64) AppleWebKit/537.36 (KHTML, like Gecko) Chrome/141.0.7390.37 Safari/537.36"
[2025-11-29T22:30:37.625Z]  "GET /script.js" "Mozilla/5.0 (Windows NT 10.0; Win64; x64) AppleWebKit/537.36 (KHTML, like Gecko) Chrome/141.0.7390.37 Safari/537.36"
[2025-11-29T22:30:37.727Z]  "GET /index.html" "Mozilla/5.0 (Windows NT 10.0; Win64; x64) AppleWebKit/537.36 (KHTML, like Gecko) Chrome/141.0.7390.37 Safari/537.36"
[2025-11-29T22:30:37.946Z]  "GET /index.html" "Mozilla/5.0 (Windows NT 10.0; Win64; x64) AppleWebKit/537.36 (KHTML, like Gecko) Chrome/141.0.7390.37 Safari/537.36"
[2025-11-29T22:30:38.454Z]  "GET /index.html" "Mozilla/5.0 (Windows NT 10.0; Win64; x64) AppleWebKit/537.36 (KHTML, like Gecko) Chrome/141.0.7390.37 Safari/537.36"
[2025-11-29T22:30:39.019Z]  "GET /index.html" "Mozilla/5.0 (Windows NT 10.0; Win64; x64) AppleWebKit/537.36 (KHTML, like Gecko) Chrome/141.0.7390.37 Safari/537.36"
[2025-11-29T22:30:39.032Z]  "GET /style.css" "Mozilla/5.0 (Windows NT 10.0; Win64; x64) AppleWebKit/537.36 (KHTML, like Gecko) Chrome/141.0.7390.37 Safari/537.36"
[2025-11-29T22:30:39.034Z]  "GET /src/components/fileLoader.js" "Mozilla/5.0 (Windows NT 10.0; Win64; x64) AppleWebKit/537.36 (KHTML, like Gecko) Chrome/141.0.7390.37 Safari/537.36"
[2025-11-29T22:30:39.035Z]  "GET /src/components/htmlParser.js" "Mozilla/5.0 (Windows NT 10.0; Win64; x64) AppleWebKit/537.36 (KHTML, like Gecko) Chrome/141.0.7390.37 Safari/537.36"
[2025-11-29T22:30:39.037Z]  "GET /src/storage/projectManager.js" "Mozilla/5.0 (Windows NT 10.0; Win64; x64) AppleWebKit/537.36 (KHTML, like Gecko) Chrome/141.0.7390.37 Safari/537.36"
[2025-11-29T22:30:39.038Z]  "GET /src/utils/componentExtractor.js" "Mozilla/5.0 (Windows NT 10.0; Win64; x64) AppleWebKit/537.36 (KHTML, like Gecko) Chrome/141.0.7390.37 Safari/537.36"
[2025-11-29T22:30:39.042Z]  "GET /src/core/keyboardShortcuts.js" "Mozilla/5.0 (Windows NT 10.0; Win64; x64) AppleWebKit/537.36 (KHTML, like Gecko) Chrome/141.0.7390.37 Safari/537.36"
[2025-11-29T22:30:39.042Z]  "GET /src/core/undoRedo.js" "Mozilla/5.0 (Windows NT 10.0; Win64; x64) AppleWebKit/537.36 (KHTML, like Gecko) Chrome/141.0.7390.37 Safari/537.36"
[2025-11-29T22:30:39.045Z]  "GET /src/core/responsiveTester.js" "Mozilla/5.0 (Windows NT 10.0; Win64; x64) AppleWebKit/537.36 (KHTML, like Gecko) Chrome/141.0.7390.37 Safari/537.36"
[2025-11-29T22:30:39.048Z]  "GET /src/core/livePreview.js" "Mozilla/5.0 (Windows NT 10.0; Win64; x64) AppleWebKit/537.36 (KHTML, like Gecko) Chrome/141.0.7390.37 Safari/537.36"
[2025-11-29T22:30:39.049Z]  "GET /src/core/themeManager.js" "Mozilla/5.0 (Windows NT 10.0; Win64; x64) AppleWebKit/537.36 (KHTML, like Gecko) Chrome/141.0.7390.37 Safari/537.36"
[2025-11-29T22:30:39.051Z]  "GET /src/core/aiCodeGenerator.js" "Mozilla/5.0 (Windows NT 10.0; Win64; x64) AppleWebKit/537.36 (KHTML, like Gecko) Chrome/141.0.7390.37 Safari/537.36"
[2025-11-29T22:30:39.051Z]  "GET /script.js" "Mozilla/5.0 (Windows NT 10.0; Win64; x64) AppleWebKit/537.36 (KHTML, like Gecko) Chrome/141.0.7390.37 Safari/537.36"
[2025-11-29T22:30:39.227Z]  "GET /index.html" "Mozilla/5.0 (Windows NT 10.0; Win64; x64) AppleWebKit/537.36 (KHTML, like Gecko) Chrome/141.0.7390.37 Safari/537.36"
[2025-11-29T22:30:39.271Z]  "GET /index.html" "Mozilla/5.0 (Windows NT 10.0; Win64; x64) AppleWebKit/537.36 (KHTML, like Gecko) Chrome/141.0.7390.37 Safari/537.36"
[2025-11-29T22:30:39.291Z]  "GET /style.css" "Mozilla/5.0 (Windows NT 10.0; Win64; x64) AppleWebKit/537.36 (KHTML, like Gecko) Chrome/141.0.7390.37 Safari/537.36"
[2025-11-29T22:30:39.320Z]  "GET /src/components/fileLoader.js" "Mozilla/5.0 (Windows NT 10.0; Win64; x64) AppleWebKit/537.36 (KHTML, like Gecko) Chrome/141.0.7390.37 Safari/537.36"
[2025-11-29T22:30:39.320Z]  "GET /src/components/htmlParser.js" "Mozilla/5.0 (Windows NT 10.0; Win64; x64) AppleWebKit/537.36 (KHTML, like Gecko) Chrome/141.0.7390.37 Safari/537.36"
[2025-11-29T22:30:39.325Z]  "GET /src/storage/projectManager.js" "Mozilla/5.0 (Windows NT 10.0; Win64; x64) AppleWebKit/537.36 (KHTML, like Gecko) Chrome/141.0.7390.37 Safari/537.36"
[2025-11-29T22:30:39.331Z]  "GET /src/utils/componentExtractor.js" "Mozilla/5.0 (Windows NT 10.0; Win64; x64) AppleWebKit/537.36 (KHTML, like Gecko) Chrome/141.0.7390.37 Safari/537.36"
[2025-11-29T22:30:39.335Z]  "GET /src/core/undoRedo.js" "Mozilla/5.0 (Windows NT 10.0; Win64; x64) AppleWebKit/537.36 (KHTML, like Gecko) Chrome/141.0.7390.37 Safari/537.36"
[2025-11-29T22:30:39.337Z]  "GET /src/core/keyboardShortcuts.js" "Mozilla/5.0 (Windows NT 10.0; Win64; x64) AppleWebKit/537.36 (KHTML, like Gecko) Chrome/141.0.7390.37 Safari/537.36"
[2025-11-29T22:30:39.353Z]  "GET /src/core/responsiveTester.js" "Mozilla/5.0 (Windows NT 10.0; Win64; x64) AppleWebKit/537.36 (KHTML, like Gecko) Chrome/141.0.7390.37 Safari/537.36"
[2025-11-29T22:30:39.357Z]  "GET /src/core/livePreview.js" "Mozilla/5.0 (Windows NT 10.0; Win64; x64) AppleWebKit/537.36 (KHTML, like Gecko) Chrome/141.0.7390.37 Safari/537.36"
[2025-11-29T22:30:39.361Z]  "GET /src/core/themeManager.js" "Mozilla/5.0 (Windows NT 10.0; Win64; x64) AppleWebKit/537.36 (KHTML, like Gecko) Chrome/141.0.7390.37 Safari/537.36"
[2025-11-29T22:30:39.361Z]  "GET /src/core/aiCodeGenerator.js" "Mozilla/5.0 (Windows NT 10.0; Win64; x64) AppleWebKit/537.36 (KHTML, like Gecko) Chrome/141.0.7390.37 Safari/537.36"
[2025-11-29T22:30:39.362Z]  "GET /script.js" "Mozilla/5.0 (Windows NT 10.0; Win64; x64) AppleWebKit/537.36 (KHTML, like Gecko) Chrome/141.0.7390.37 Safari/537.36"
[2025-11-29T22:30:39.519Z]  "GET /index.html" "Mozilla/5.0 (Windows NT 10.0; Win64; x64) AppleWebKit/537.36 (KHTML, like Gecko) Chrome/141.0.7390.37 Safari/537.36"
[2025-11-29T22:30:40.192Z]  "GET /index.html" "Mozilla/5.0 (Windows NT 10.0; Win64; x64) AppleWebKit/537.36 (KHTML, like Gecko) Chrome/141.0.7390.37 Safari/537.36"
[2025-11-29T22:30:40.199Z]  "GET /style.css" "Mozilla/5.0 (Windows NT 10.0; Win64; x64) AppleWebKit/537.36 (KHTML, like Gecko) Chrome/141.0.7390.37 Safari/537.36"
[2025-11-29T22:30:40.202Z]  "GET /src/components/fileLoader.js" "Mozilla/5.0 (Windows NT 10.0; Win64; x64) AppleWebKit/537.36 (KHTML, like Gecko) Chrome/141.0.7390.37 Safari/537.36"
[2025-11-29T22:30:40.203Z]  "GET /src/components/htmlParser.js" "Mozilla/5.0 (Windows NT 10.0; Win64; x64) AppleWebKit/537.36 (KHTML, like Gecko) Chrome/141.0.7390.37 Safari/537.36"
[2025-11-29T22:30:40.203Z]  "GET /src/storage/projectManager.js" "Mozilla/5.0 (Windows NT 10.0; Win64; x64) AppleWebKit/537.36 (KHTML, like Gecko) Chrome/141.0.7390.37 Safari/537.36"
[2025-11-29T22:30:40.204Z]  "GET /src/utils/componentExtractor.js" "Mozilla/5.0 (Windows NT 10.0; Win64; x64) AppleWebKit/537.36 (KHTML, like Gecko) Chrome/141.0.7390.37 Safari/537.36"
[2025-11-29T22:30:40.204Z]  "GET /src/core/undoRedo.js" "Mozilla/5.0 (Windows NT 10.0; Win64; x64) AppleWebKit/537.36 (KHTML, like Gecko) Chrome/141.0.7390.37 Safari/537.36"
[2025-11-29T22:30:40.204Z]  "GET /src/core/keyboardShortcuts.js" "Mozilla/5.0 (Windows NT 10.0; Win64; x64) AppleWebKit/537.36 (KHTML, like Gecko) Chrome/141.0.7390.37 Safari/537.36"
[2025-11-29T22:30:40.221Z]  "GET /src/core/responsiveTester.js" "Mozilla/5.0 (Windows NT 10.0; Win64; x64) AppleWebKit/537.36 (KHTML, like Gecko) Chrome/141.0.7390.37 Safari/537.36"
[2025-11-29T22:30:40.222Z]  "GET /src/core/livePreview.js" "Mozilla/5.0 (Windows NT 10.0; Win64; x64) AppleWebKit/537.36 (KHTML, like Gecko) Chrome/141.0.7390.37 Safari/537.36"
[2025-11-29T22:30:40.223Z]  "GET /src/core/themeManager.js" "Mozilla/5.0 (Windows NT 10.0; Win64; x64) AppleWebKit/537.36 (KHTML, like Gecko) Chrome/141.0.7390.37 Safari/537.36"
[2025-11-29T22:30:40.223Z]  "GET /src/core/aiCodeGenerator.js" "Mozilla/5.0 (Windows NT 10.0; Win64; x64) AppleWebKit/537.36 (KHTML, like Gecko) Chrome/141.0.7390.37 Safari/537.36"
[2025-11-29T22:30:40.223Z]  "GET /script.js" "Mozilla/5.0 (Windows NT 10.0; Win64; x64) AppleWebKit/537.36 (KHTML, like Gecko) Chrome/141.0.7390.37 Safari/537.36"
[2025-11-29T22:30:40.294Z]  "GET /index.html" "Mozilla/5.0 (Windows NT 10.0; Win64; x64) AppleWebKit/537.36 (KHTML, like Gecko) Chrome/141.0.7390.37 Safari/537.36"
http-server stopped.
